<?xml version="1.0" encoding="UTF-8"?>
<coverage generated="1736709858">
  <project timestamp="1736709858">
    <package name="MulerTech\ArrayManipulation">
      <file name="/home/runner/work/array-manipulation/array-manipulation/src/ArrayManipulation.php">
        <class name="MulerTech\ArrayManipulation\ArrayManipulation" namespace="MulerTech\ArrayManipulation">
          <metrics complexity="22" methods="8" coveredmethods="6" conditionals="0" coveredconditionals="0" statements="55" coveredstatements="51" elements="63" coveredelements="57"/>
        </class>
        <line num="18" type="method" name="isAssoc" visibility="public" complexity="1" crap="1" count="2"/>
        <line num="20" type="stmt" count="2"/>
        <line num="27" type="method" name="isList" visibility="public" complexity="1" crap="1" count="3"/>
        <line num="29" type="stmt" count="3"/>
        <line num="37" type="method" name="listOfDuplicates" visibility="public" complexity="1" crap="1" count="2"/>
        <line num="39" type="stmt" count="2"/>
        <line num="50" type="method" name="addNumberKey" visibility="public" complexity="2" crap="2.08" count="1"/>
        <line num="52" type="stmt" count="1"/>
        <line num="53" type="stmt" count="0"/>
        <line num="54" type="stmt" count="0"/>
        <line num="55" type="stmt" count="0"/>
        <line num="58" type="stmt" count="1"/>
        <line num="59" type="stmt" count="1"/>
        <line num="60" type="stmt" count="1"/>
        <line num="61" type="stmt" count="1"/>
        <line num="62" type="stmt" count="1"/>
        <line num="63" type="stmt" count="1"/>
        <line num="64" type="stmt" count="1"/>
        <line num="74" type="method" name="findDifferencesByName" visibility="public" complexity="3" crap="3" count="1"/>
        <line num="76" type="stmt" count="1"/>
        <line num="77" type="stmt" count="1"/>
        <line num="79" type="stmt" count="1"/>
        <line num="80" type="stmt" count="1"/>
        <line num="81" type="stmt" count="1"/>
        <line num="85" type="stmt" count="1"/>
        <line num="96" type="method" name="orderByColumn" visibility="public" complexity="5" crap="5" count="2"/>
        <line num="103" type="stmt" count="2"/>
        <line num="104" type="stmt" count="2"/>
        <line num="105" type="stmt" count="2"/>
        <line num="107" type="stmt" count="2"/>
        <line num="108" type="stmt" count="1"/>
        <line num="110" type="stmt" count="1"/>
        <line num="113" type="stmt" count="1"/>
        <line num="115" type="stmt" count="1"/>
        <line num="116" type="stmt" count="1"/>
        <line num="117" type="stmt" count="1"/>
        <line num="118" type="stmt" count="1"/>
        <line num="119" type="stmt" count="1"/>
        <line num="120" type="stmt" count="1"/>
        <line num="121" type="stmt" count="1"/>
        <line num="122" type="stmt" count="1"/>
        <line num="123" type="stmt" count="1"/>
        <line num="125" type="stmt" count="1"/>
        <line num="136" type="method" name="addKeyValue" visibility="public" complexity="4" crap="4" count="6"/>
        <line num="138" type="stmt" count="6"/>
        <line num="139" type="stmt" count="6"/>
        <line num="140" type="stmt" count="2"/>
        <line num="141" type="stmt" count="2"/>
        <line num="144" type="stmt" count="4"/>
        <line num="145" type="stmt" count="4"/>
        <line num="148" type="stmt" count="4"/>
        <line num="150" type="stmt" count="4"/>
        <line num="152" type="stmt" count="4"/>
        <line num="161" type="method" name="removeKey" visibility="public" complexity="5" crap="5.03" count="3"/>
        <line num="163" type="stmt" count="3"/>
        <line num="164" type="stmt" count="0"/>
        <line num="167" type="stmt" count="3"/>
        <line num="169" type="stmt" count="3"/>
        <line num="170" type="stmt" count="1"/>
        <line num="172" type="stmt" count="1"/>
        <line num="175" type="stmt" count="3"/>
        <line num="176" type="stmt" count="2"/>
        <line num="179" type="stmt" count="3"/>
        <metrics loc="182" ncloc="127" classes="1" methods="8" coveredmethods="6" conditionals="0" coveredconditionals="0" statements="55" coveredstatements="51" elements="63" coveredelements="57"/>
      </file>
    </package>
    <metrics files="1" loc="182" ncloc="127" classes="1" methods="8" coveredmethods="6" conditionals="0" coveredconditionals="0" statements="55" coveredstatements="51" elements="63" coveredelements="57"/>
  </project>
</coverage>
